<?xml version="1.0" encoding="UTF-8"?>
<testng-results skipped="0" failed="0" total="1" passed="1">
  <reporter-output>
  </reporter-output>
  <suite name="Command line suite" duration-ms="14" started-at="2017-02-04T00:54:11Z" finished-at="2017-02-04T00:54:11Z">
    <groups>
    </groups>
    <test name="Command line test" duration-ms="14" started-at="2017-02-04T00:54:11Z" finished-at="2017-02-04T00:54:11Z">
      <class name="SampleMaven.MavenTest.AppTest">
        <test-method status="PASS" signature="testApp()[pri:0, instance:testApp(SampleMaven.MavenTest.AppTest)]" name="testApp" duration-ms="1" started-at="2017-02-03T18:54:11Z" finished-at="2017-02-03T18:54:11Z">
          <reporter-output>
          </reporter-output>
        </test-method> <!-- testApp -->
      </class> <!-- SampleMaven.MavenTest.AppTest -->
    </test> <!-- Command line test -->
  </suite> <!-- Command line suite -->
</testng-results>
