<?xml version="1.0" encoding="UTF-8"?>
<testng-results skipped="0" failed="0" total="1" passed="1">
  <reporter-output>
  </reporter-output>
  <suite name="Default suite" duration-ms="34" started-at="2017-02-04T00:30:33Z" finished-at="2017-02-04T00:30:33Z">
    <groups>
    </groups>
    <test name="Default test" duration-ms="34" started-at="2017-02-04T00:30:33Z" finished-at="2017-02-04T00:30:33Z">
      <class name="SampleMaven.MavenTest.SampleTest">
        <test-method status="PASS" signature="setup()[pri:0, instance:SampleMaven.MavenTest.SampleTest@1810399e]" name="setup" is-config="true" duration-ms="7" started-at="2017-02-03T18:30:33Z" finished-at="2017-02-03T18:30:33Z">
          <reporter-output>
          </reporter-output>
        </test-method> <!-- setup -->
        <test-method status="PASS" signature="testRun()[pri:0, instance:SampleMaven.MavenTest.SampleTest@1810399e]" name="testRun" duration-ms="9" started-at="2017-02-03T18:30:33Z" finished-at="2017-02-03T18:30:33Z">
          <reporter-output>
          </reporter-output>
        </test-method> <!-- testRun -->
        <test-method status="PASS" signature="close()[pri:0, instance:SampleMaven.MavenTest.SampleTest@1810399e]" name="close" is-config="true" duration-ms="1" started-at="2017-02-03T18:30:33Z" finished-at="2017-02-03T18:30:33Z">
          <reporter-output>
          </reporter-output>
        </test-method> <!-- close -->
      </class> <!-- SampleMaven.MavenTest.SampleTest -->
    </test> <!-- Default test -->
  </suite> <!-- Default suite -->
</testng-results>
